#
# A fatal error has been detected by the Java Runtime Environment:
#
#  EXCEPTION_ACCESS_VIOLATION (0xc0000005) at pc=0x00007ffa80c46407, pid=4940, tid=19000
#
# JRE version: Java(TM) SE Runtime Environment (20.0.2+9) (build 20.0.2+9-78)
# Java VM: Java HotSpot(TM) 64-Bit Server VM (20.0.2+9-78, mixed mode, sharing, tiered, compressed oops, compressed class ptrs, g1 gc, windows-amd64)
# Problematic frame:
# C  [glass.dll+0x26407]
#
# No core dump will be written. Minidumps are not enabled by default on client versions of Windows
#
# If you would like to submit a bug report, please visit:
#   https://bugreport.java.com/bugreport/crash.jsp
#

---------------  S U M M A R Y ------------

Command Line: -javaagent:C:\Program Files\JetBrains\IntelliJ IDEA 2023.2.2\lib\idea_rt.jar=63596:C:\Program Files\JetBrains\IntelliJ IDEA 2023.2.2\bin -Dfile.encoding=UTF-8 -Dsun.stdout.encoding=UTF-8 -Dsun.stderr.encoding=UTF-8 --module-path=C:\Users\DELL VOS\.m2\repository\org\openjfx\javafx-graphics\20.0.1\javafx-graphics-20.0.1-win.jar;C:\Users\DELL VOS\.m2\repository\org\openjfx\javafx-fxml\20.0.1\javafx-fxml-20.0.1-win.jar;C:\Users\DELL VOS\.m2\repository\org\openjfx\javafx-controls\20.0.1\javafx-controls-20.0.1-win.jar;C:\Users\DELL VOS\.m2\repository\org\openjfx\javafx-base\20.0.1\javafx-base-20.0.1-win.jar;C:\Users\DELL VOS\Downloads\javax.mail-1.6.2.jar\javax.mail-1.6.2.jar;C:\Users\DELL VOS\OneDrive\Bureau\Project-java-Gi2\Library-Management-Java-JavaFx\sample\target\classes -Djdk.module.main=com.example.sample com.example.sample/com.example.sample.Library

Host: 11th Gen Intel(R) Core(TM) i5-1135G7 @ 2.40GHz, 8 cores, 15G,  Windows 11 , 64 bit Build 22621 (10.0.22621.2506)
Time: Fri Dec  8 22:25:21 2023 Morocco Daylight Time elapsed time: 24.790707 seconds (0d 0h 0m 24s)

---------------  T H R E A D  ---------------

Current thread (0x000001807e4249a0):  VMThread "VM Thread" [stack: 0x000000139da00000,0x000000139db00000] [id=19000]

Stack: [0x000000139da00000,0x000000139db00000],  sp=0x000000139daff150,  free space=1020k
Native frames: (J=compiled Java code, j=interpreted, Vv=VM code, C=native code)
C  [glass.dll+0x26407]


siginfo: EXCEPTION_ACCESS_VIOLATION (0xc0000005), reading address 0x0000000000000000


Registers:
RAX=0x0000000000000000, RBX=0x000001807e42f6d0, RCX=0x000001807e4249a0, RDX=0x000000139daff150
RSP=0x000000139daff150, RBP=0x000001807f040be8, RSI=0x000000139daff258, RDI=0x000001807f040bc0
R8 =0x0000000000010002, R9 =0x000001807f040bc0, R10=0x85f13e9656da4870, R11=0x000000139daff0e0
R12=0x00007ffa80c43d40, R13=0x00007ffa5a88fb10, R14=0x00006509943d7ba6, R15=0x000001807f040bc0
RIP=0x00007ffa80c46407, EFLAGS=0x0000000000010206


Register to memory mapping:

RIP=0x00007ffa80c46407 glass.dll
RAX=0x0 is NULL
RBX=0x000001807e42f6d0 is a global jni handle
RCX=0x000001807e4249a0 points into unknown readable memory: 0x00007ffa5a6b8350 | 50 83 6b 5a fa 7f 00 00
RDX=0x000000139daff150 points into unknown readable memory: 0x0000000000000000 | 00 00 00 00 00 00 00 00
RSP=0x000000139daff150 points into unknown readable memory: 0x0000000000000000 | 00 00 00 00 00 00 00 00
RBP=0x000001807f040be8 points into unknown readable memory: 0x00006509943d7ba6 | a6 7b 3d 94 09 65 00 00
RSI=0x000000139daff258 points into unknown readable memory: 0x000000139daff240 | 40 f2 af 9d 13 00 00 00
RDI=0x000001807f040bc0 points into unknown readable memory: 0x310e730994228506 | 06 85 22 94 09 73 0e 31
R8 =0x0000000000010002 is an unknown value
R9 =0x000001807f040bc0 points into unknown readable memory: 0x310e730994228506 | 06 85 22 94 09 73 0e 31
R10=0x85f13e9656da4870 is an unknown value
R11=0x000000139daff0e0 points into unknown readable memory: 0x000001807f040bc0 | c0 0b 04 7f 80 01 00 00
R12=0x00007ffa80c43d40 glass.dll
R13=0x00007ffa5a88fb10 jvm.dll
R14=0x00006509943d7ba6 is an unknown value
R15=0x000001807f040bc0 points into unknown readable memory: 0x310e730994228506 | 06 85 22 94 09 73 0e 31


Top of Stack: (sp=0x000000139daff150)
0x000000139daff150:   0000000000000000 000000139daff258
0x000000139daff160:   00007ffa5a88fb10 00007ffa80c43d40
0x000000139daff170:   000001807f040bc8 00007ffab0ab3a83
0x000000139daff180:   000001807f040bc0 0000018000000000
0x000000139daff190:   000001807f040be8 000000139daff258
0x000000139daff1a0:   fffffffffffffffe 0000000000000000
0x000000139daff1b0:   0000000000000001 00007ffa80c20000
0x000000139daff1c0:   000000139daff248 00007ffab0a8006e
0x000000139daff1d0:   0000000000000000 000000139daff258
0x000000139daff1e0:   000000139daff540 0000000000000001
0x000000139daff1f0:   0000000000000001 00007ffab0a7da1d
0x000000139daff200:   0000000000000000 00007ffa80c43539
0x000000139daff210:   00007ffab0a3e000 000000139daff248
0x000000139daff220:   fffffffffffffffe 000000139daff210
0x000000139daff230:   0000000000000000 00007ffa80c43bcd
0x000000139daff240:   00007ffa80c59f88 0000000000000002
0x000000139daff250:   0000000000000002 000000139daff240
0x000000139daff260:   0000000000000000 00007ffab2e58603
0x000000139daff270:   0000000000000000 00007ffa80c43cf2
0x000000139daff280:   0000000000000001 000000139daff540
0x000000139daff290:   0000000000000001 0000000000000000
0x000000139daff2a0:   0000000000000001 000000139daff540
0x000000139daff2b0:   0000000000000001 00007ffaaf0c0000
0x000000139daff2c0:   00007ffa80c20000 000000007ffe0384
0x000000139daff2d0:   0000000000000000 00007ffab2e5869f
0x000000139daff2e0:   00007ffa80c20000 0000000000000000
0x000000139daff2f0:   0000000000000001 000000007ffe0385
0x000000139daff300:   0000000000000000 00007ffab2e812e9
0x000000139daff310:   0000fdd5c3278000 0000000000000014
0x000000139daff320:   00007ffa80c43d40 0000000000000000
0x000000139daff330:   0000000000000000 000000139cf36000
0x000000139daff340:   0000018045c6e5c0 00007ffab2e810a6 

Instructions: (pc=0x00007ffa80c46407)
0x00007ffa80c46307:   8b 4d 58 e8 7d cf ff ff 48 8b 4d 60 e8 74 cf ff
0x00007ffa80c46317:   ff 48 8b 95 80 00 00 00 48 8b 8d 18 01 00 00 e8
0x00007ffa80c46327:   66 c4 ff ff 33 d2 33 c9 e8 bc e1 ff ff 90 48 89
0x00007ffa80c46337:   54 24 10 55 48 83 ec 20 48 8b ea 48 b8 00 00 00
0x00007ffa80c46347:   00 00 00 00 00 48 83 c4 20 5d c3 cc 40 55 48 8b
0x00007ffa80c46357:   ea 48 8b 01 33 c9 81 38 05 00 00 c0 0f 94 c1 8b
0x00007ffa80c46367:   c1 5d c3 cc 40 55 48 83 ec 20 48 8b ea 8a 4d 40
0x00007ffa80c46377:   48 83 c4 20 5d e9 63 d3 ff ff cc 40 55 48 83 ec
0x00007ffa80c46387:   20 48 8b ea 8a 4d 20 e8 51 d3 ff ff 90 48 83 c4
0x00007ffa80c46397:   20 5d c3 cc 40 55 48 83 ec 20 48 8b ea 48 83 c4
0x00007ffa80c463a7:   20 5d e9 b2 d1 ff ff cc 40 55 48 83 ec 30 48 8b
0x00007ffa80c463b7:   ea 48 8b 01 8b 10 48 89 4c 24 28 89 54 24 20 4c
0x00007ffa80c463c7:   8d 0d 53 d6 ff ff 4c 8b 45 70 8b 55 68 48 8b 4d
0x00007ffa80c463d7:   60 e8 f3 d0 ff ff 90 48 83 c4 30 5d c3 cc cc cc
0x00007ffa80c463e7:   cc cc cc cc cc cc cc cc cc 40 53 48 83 ec 20 48
0x00007ffa80c463f7:   8b 1d 8b 35 01 00 48 85 db 74 16 e8 79 8b ff ff
0x00007ffa80c46407:   4c 8b 00 48 8b d3 48 8b c8 41 ff 90 b0 00 00 00
0x00007ffa80c46417:   90 48 83 c4 20 5b c3 cc cc 40 53 48 83 ec 20 48
0x00007ffa80c46427:   8b 1d fb 36 01 00 48 85 db 74 57 b8 ff ff ff ff
0x00007ffa80c46437:   f0 0f c1 43 10 83 f8 01 75 3d 48 85 db 74 38 48
0x00007ffa80c46447:   8b 0b 48 85 c9 74 0d ff 15 54 0e 00 00 48 c7 03
0x00007ffa80c46457:   00 00 00 00 48 8b 4b 08 48 85 c9 74 0d e8 23 ce
0x00007ffa80c46467:   ff ff 48 c7 43 08 00 00 00 00 ba 18 00 00 00 48
0x00007ffa80c46477:   8b cb e8 0e ce ff ff 48 c7 05 9f 36 01 00 00 00
0x00007ffa80c46487:   00 00 48 83 c4 20 5b c3 cc 40 53 48 83 ec 20 48
0x00007ffa80c46497:   8b 1d 6b 36 01 00 48 85 db 74 57 b8 ff ff ff ff
0x00007ffa80c464a7:   f0 0f c1 43 10 83 f8 01 75 3d 48 85 db 74 38 48
0x00007ffa80c464b7:   8b 0b 48 85 c9 74 0d ff 15 e4 0d 00 00 48 c7 03
0x00007ffa80c464c7:   00 00 00 00 48 8b 4b 08 48 85 c9 74 0d e8 b3 cd
0x00007ffa80c464d7:   ff ff 48 c7 43 08 00 00 00 00 ba 18 00 00 00 48
0x00007ffa80c464e7:   8b cb e8 9e cd ff ff 48 c7 05 0f 36 01 00 00 00
0x00007ffa80c464f7:   00 00 48 83 c4 20 5b c3 cc 40 53 48 83 ec 20 48 


Stack slot to memory mapping:
stack at sp + 0 slots: 0x0 is NULL
stack at sp + 1 slots: 0x000000139daff258 points into unknown readable memory: 0x000000139daff240 | 40 f2 af 9d 13 00 00 00
stack at sp + 2 slots: 0x00007ffa5a88fb10 jvm.dll
stack at sp + 3 slots: 0x00007ffa80c43d40 glass.dll
stack at sp + 4 slots: 0x000001807f040bc8 points into unknown readable memory: 0x00006509943d7ba6 | a6 7b 3d 94 09 65 00 00
stack at sp + 5 slots: 0x00007ffab0ab3a83 ucrtbase.dll
stack at sp + 6 slots: 0x000001807f040bc0 points into unknown readable memory: 0x310e730994228506 | 06 85 22 94 09 73 0e 31
stack at sp + 7 slots: 0x0000018000000000 is pointing into metadata

VM_Operation (0x000000139f8ff0b0): Exit, mode: safepoint, requested by thread 0x0000018045ebe590


---------------  P R O C E S S  ---------------

Threads class SMR info:
_java_thread_list=0x000001804a7b7640, length=19, elements={
0x000001805ef707d0, 0x000001807e43eee0, 0x000001807e43fce0, 0x000001807e451ea0,
0x000001807e4547f0, 0x000001807e456170, 0x000001807e45dda0, 0x000001807e460f50,
0x000001807e4566c0, 0x000001807e456c10, 0x000001807e455180, 0x000001807e458150,
0x000001807e457160, 0x000001807e457c00, 0x000001807e4576b0, 0x000001807e4586a0,
0x0000018045eb9b30, 0x0000018045eba5d0, 0x0000018045ebe590
}

Java Threads: ( => current thread )
  0x000001805ef707d0 JavaThread "main" [_thread_blocked, id=21452, stack(0x000000139d400000,0x000000139d500000)]
  0x000001807e43eee0 JavaThread "Reference Handler" daemon [_thread_blocked, id=16768, stack(0x000000139db00000,0x000000139dc00000)]
  0x000001807e43fce0 JavaThread "Finalizer" daemon [_thread_blocked, id=6260, stack(0x000000139dc00000,0x000000139dd00000)]
  0x000001807e451ea0 JavaThread "Attach Listener" daemon [_thread_blocked, id=18676, stack(0x000000139de00000,0x000000139df00000)]
  0x000001807e4547f0 JavaThread "Service Thread" daemon [_thread_blocked, id=3120, stack(0x000000139df00000,0x000000139e000000)]
  0x000001807e456170 JavaThread "Monitor Deflation Thread" daemon [_thread_blocked, id=6140, stack(0x000000139e000000,0x000000139e100000)]
  0x000001807e45dda0 JavaThread "C2 CompilerThread0" daemon [_thread_blocked, id=8036, stack(0x000000139e100000,0x000000139e200000)]
  0x000001807e460f50 JavaThread "C1 CompilerThread0" daemon [_thread_blocked, id=17832, stack(0x000000139e200000,0x000000139e300000)]
  0x000001807e4566c0 JavaThread "Common-Cleaner" daemon [_thread_blocked, id=7012, stack(0x000000139e300000,0x000000139e400000)]
  0x000001807e456c10 JavaThread "Monitor Ctrl-Break" daemon [_thread_in_native, id=12160, stack(0x000000139e600000,0x000000139e700000)]
  0x000001807e455180 JavaThread "Notification Thread" daemon [_thread_blocked, id=17800, stack(0x000000139e700000,0x000000139e800000)]
  0x000001807e458150 JavaThread "QuantumRenderer-0" daemon [_thread_blocked, id=18476, stack(0x000000139e900000,0x000000139ea00000)]
  0x000001807e457160 JavaThread "InvokeLaterDispatcher" daemon [_thread_blocked, id=20528, stack(0x000000139ea00000,0x000000139eb00000)]
  0x000001807e457c00 JavaThread "JavaFX Application Thread" [_thread_in_native, id=3332, stack(0x000000139eb00000,0x000000139ec00000)]
  0x000001807e4576b0 JavaThread "JavaFX-Launcher" [_thread_blocked, id=17252, stack(0x000000139f000000,0x000000139f100000)]
  0x000001807e4586a0 JavaThread "Thread-2" daemon [_thread_in_native, id=908, stack(0x000000139ef00000,0x000000139f000000)]
  0x0000018045eb9b30 JavaThread "Prism Font Disposer" daemon [_thread_blocked, id=1692, stack(0x000000139e500000,0x000000139e600000)]
  0x0000018045eba5d0 JavaThread "Cleaner-0" daemon [_thread_blocked, id=1548, stack(0x000000139ff00000,0x00000013a0000000)]
  0x0000018045ebe590 JavaThread "SIGINT handler" daemon [_thread_blocked, id=9220, stack(0x000000139f800000,0x000000139f900000)]

Other Threads:
=>0x000001807e4249a0 VMThread "VM Thread" [stack: 0x000000139da00000,0x000000139db00000] [id=19000]
  0x000001805efdc630 WorkerThread "GC Thread#0" [stack: 0x000000139d500000,0x000000139d600000] [id=8320]
  0x00000180456667c0 WorkerThread "GC Thread#1" [stack: 0x000000139f100000,0x000000139f200000] [id=6028]
  0x000001807efb8460 WorkerThread "GC Thread#2" [stack: 0x000000139f200000,0x000000139f300000] [id=19596]
  0x0000018045788bb0 WorkerThread "GC Thread#3" [stack: 0x000000139f300000,0x000000139f400000] [id=8420]
  0x0000018045741ef0 WorkerThread "GC Thread#4" [stack: 0x000000139f400000,0x000000139f500000] [id=7000]
  0x00000180457413b0 WorkerThread "GC Thread#5" [stack: 0x000000139f500000,0x000000139f600000] [id=6148]
  0x0000018045741680 WorkerThread "GC Thread#6" [stack: 0x000000139f600000,0x000000139f700000] [id=16876]
  0x0000018045742760 WorkerThread "GC Thread#7" [stack: 0x000000139f700000,0x000000139f800000] [id=3484]
  0x000001805efed240 ConcurrentGCThread "G1 Main Marker" terminated
  0x000001805efedb80 WorkerThread "G1 Conc#0" [stack: 0x000000139d700000,0x000000139d800000] [id=10752]
  0x000001804a453320 WorkerThread "G1 Conc#1" [stack: 0x000000139fc00000,0x000000139fd00000] [id=16000]
  0x000001805f02ec30 ConcurrentGCThread "G1 Refine#0" terminated
  0x000001807e2e37b0 ConcurrentGCThread "G1 Service" terminated

Threads with active compile tasks:

VM state: at safepoint (shutting down)

VM Mutex/Monitor currently owned by a thread:  ([mutex/lock_event])
[0x000001805ef6a840] Threads_lock - owner thread: 0x000001807e4249a0
[0x000001805ef6a8d0] Heap_lock - owner thread: 0x0000018045ebe590

Heap address: 0x0000000704200000, size: 4030 MB, Compressed Oops mode: Zero based, Oop shift amount: 3

CDS archive(s) mapped at: [0x0000018000000000-0x0000018000c60000-0x0000018000c60000), size 12976128, SharedBaseAddress: 0x0000018000000000, ArchiveRelocationMode: 1.
Compressed class space mapped at: 0x0000018001000000-0x0000018041000000, reserved size: 1073741824
Narrow klass base: 0x0000018000000000, Narrow klass shift: 0, Narrow klass range: 0x100000000

GC Precious Log:
 CardTable entry size: 512
 Card Set container configuration: InlinePtr #cards 4 size 8 Array Of Cards #cards 16 size 48 Howl #buckets 8 coarsen threshold 3686 Howl Bitmap #cards 512 size 80 coarsen threshold 460 Card regions per heap region 1 cards per card region 4096
 CPUs: 8 total, 8 available
 Memory: 16118M
 Large Page Support: Disabled
 NUMA Support: Disabled
 Compressed Oops: Enabled (Zero based)
 Heap Region Size: 2M
 Heap Min Capacity: 8M
 Heap Initial Capacity: 252M
 Heap Max Capacity: 4030M
 Pre-touch: Disabled
 Parallel Workers: 8
 Concurrent Workers: 2
 Concurrent Refinement Workers: 8
 Periodic GC: Disabled

Heap:
 garbage-first heap   total 110592K, used 53723K [0x0000000704200000, 0x0000000800000000)
  region size 2048K, 16 young (32768K), 4 survivors (8192K)
 Metaspace       used 24836K, committed 25216K, reserved 1114112K
  class space    used 3375K, committed 3584K, reserved 1048576K

Heap Regions: E=young(eden), S=young(survivor), O=old, HS=humongous(starts), HC=humongous(continues), CS=collection set, F=free, OA=open archive, CA=closed archive, TAMS=top-at-mark-start, PB=parsable bottom
|   0|0x0000000704200000, 0x0000000704400000, 0x0000000704400000|100%|HS|  |TAMS 0x0000000704200000| PB 0x0000000704200000| Complete 
|   1|0x0000000704400000, 0x0000000704600000, 0x0000000704600000|100%|HS|  |TAMS 0x0000000704400000| PB 0x0000000704400000| Complete 
|   2|0x0000000704600000, 0x0000000704800000, 0x0000000704800000|100%|HS|  |TAMS 0x0000000704600000| PB 0x0000000704600000| Complete 
|   3|0x0000000704800000, 0x0000000704a00000, 0x0000000704a00000|100%|HC|  |TAMS 0x0000000704800000| PB 0x0000000704800000| Complete 
|   4|0x0000000704a00000, 0x0000000704c00000, 0x0000000704c00000|100%|HC|  |TAMS 0x0000000704a00000| PB 0x0000000704a00000| Complete 
|   5|0x0000000704c00000, 0x0000000704e00000, 0x0000000704e00000|100%|HC|  |TAMS 0x0000000704c00000| PB 0x0000000704c00000| Complete 
|   6|0x0000000704e00000, 0x0000000705000000, 0x0000000705000000|100%|HC|  |TAMS 0x0000000704e00000| PB 0x0000000704e00000| Complete 
|   7|0x0000000705000000, 0x0000000705200000, 0x0000000705200000|100%|HC|  |TAMS 0x0000000705000000| PB 0x0000000705000000| Complete 
|   8|0x0000000705200000, 0x0000000705400000, 0x0000000705400000|100%| O|  |TAMS 0x0000000705200000| PB 0x0000000705200000| Untracked 
|   9|0x0000000705400000, 0x0000000705600000, 0x0000000705600000|100%| O|  |TAMS 0x0000000705400000| PB 0x0000000705400000| Untracked 
|  10|0x0000000705600000, 0x000000070570fc00, 0x0000000705800000| 53%| O|  |TAMS 0x0000000705600000| PB 0x0000000705600000| Complete 
|  11|0x0000000705800000, 0x0000000705a00000, 0x0000000705a00000|100%|HS|  |TAMS 0x0000000705800000| PB 0x0000000705800000| Complete 
|  12|0x0000000705a00000, 0x0000000705a00000, 0x0000000705c00000|  0%| F|  |TAMS 0x0000000705a00000| PB 0x0000000705a00000| Untracked 
|  13|0x0000000705c00000, 0x0000000705c00000, 0x0000000705e00000|  0%| F|  |TAMS 0x0000000705c00000| PB 0x0000000705c00000| Untracked 
|  14|0x0000000705e00000, 0x0000000705e00000, 0x0000000706000000|  0%| F|  |TAMS 0x0000000705e00000| PB 0x0000000705e00000| Untracked 
|  15|0x0000000706000000, 0x0000000706000000, 0x0000000706200000|  0%| F|  |TAMS 0x0000000706000000| PB 0x0000000706000000| Untracked 
|  16|0x0000000706200000, 0x0000000706200000, 0x0000000706400000|  0%| F|  |TAMS 0x0000000706200000| PB 0x0000000706200000| Untracked 
|  17|0x0000000706400000, 0x0000000706400000, 0x0000000706600000|  0%| F|  |TAMS 0x0000000706400000| PB 0x0000000706400000| Untracked 
|  18|0x0000000706600000, 0x0000000706600000, 0x0000000706800000|  0%| F|  |TAMS 0x0000000706600000| PB 0x0000000706600000| Untracked 
|  19|0x0000000706800000, 0x0000000706800000, 0x0000000706a00000|  0%| F|  |TAMS 0x0000000706800000| PB 0x0000000706800000| Untracked 
|  20|0x0000000706a00000, 0x0000000706a00000, 0x0000000706c00000|  0%| F|  |TAMS 0x0000000706a00000| PB 0x0000000706a00000| Untracked 
|  21|0x0000000706c00000, 0x0000000706c00000, 0x0000000706e00000|  0%| F|  |TAMS 0x0000000706c00000| PB 0x0000000706c00000| Untracked 
|  22|0x0000000706e00000, 0x0000000706e00000, 0x0000000707000000|  0%| F|  |TAMS 0x0000000706e00000| PB 0x0000000706e00000| Untracked 
|  23|0x0000000707000000, 0x0000000707000000, 0x0000000707200000|  0%| F|  |TAMS 0x0000000707000000| PB 0x0000000707000000| Untracked 
|  24|0x0000000707200000, 0x0000000707200000, 0x0000000707400000|  0%| F|  |TAMS 0x0000000707200000| PB 0x0000000707200000| Untracked 
|  25|0x0000000707400000, 0x0000000707400000, 0x0000000707600000|  0%| F|  |TAMS 0x0000000707400000| PB 0x0000000707400000| Untracked 
|  26|0x0000000707600000, 0x0000000707600000, 0x0000000707800000|  0%| F|  |TAMS 0x0000000707600000| PB 0x0000000707600000| Untracked 
|  27|0x0000000707800000, 0x0000000707800000, 0x0000000707a00000|  0%| F|  |TAMS 0x0000000707800000| PB 0x0000000707800000| Untracked 
|  28|0x0000000707a00000, 0x0000000707a00000, 0x0000000707c00000|  0%| F|  |TAMS 0x0000000707a00000| PB 0x0000000707a00000| Untracked 
|  29|0x0000000707c00000, 0x0000000707c00000, 0x0000000707e00000|  0%| F|  |TAMS 0x0000000707c00000| PB 0x0000000707c00000| Untracked 
|  30|0x0000000707e00000, 0x0000000707e00000, 0x0000000708000000|  0%| F|  |TAMS 0x0000000707e00000| PB 0x0000000707e00000| Untracked 
|  31|0x0000000708000000, 0x0000000708000000, 0x0000000708200000|  0%| F|  |TAMS 0x0000000708000000| PB 0x0000000708000000| Untracked 
|  32|0x0000000708200000, 0x0000000708200000, 0x0000000708400000|  0%| F|  |TAMS 0x0000000708200000| PB 0x0000000708200000| Untracked 
|  33|0x0000000708400000, 0x0000000708400000, 0x0000000708600000|  0%| F|  |TAMS 0x0000000708400000| PB 0x0000000708400000| Untracked 
|  34|0x0000000708600000, 0x0000000708600000, 0x0000000708800000|  0%| F|  |TAMS 0x0000000708600000| PB 0x0000000708600000| Untracked 
|  35|0x0000000708800000, 0x0000000708800000, 0x0000000708a00000|  0%| F|  |TAMS 0x0000000708800000| PB 0x0000000708800000| Untracked 
|  36|0x0000000708a00000, 0x0000000708a00000, 0x0000000708c00000|  0%| F|  |TAMS 0x0000000708a00000| PB 0x0000000708a00000| Untracked 
|  37|0x0000000708c00000, 0x0000000708c00000, 0x0000000708e00000|  0%| F|  |TAMS 0x0000000708c00000| PB 0x0000000708c00000| Untracked 
|  38|0x0000000708e00000, 0x0000000708e8fe10, 0x0000000709000000| 28%| E|  |TAMS 0x0000000708e00000| PB 0x0000000708e00000| Complete 
|  39|0x0000000709000000, 0x0000000709200000, 0x0000000709200000|100%| E|CS|TAMS 0x0000000709000000| PB 0x0000000709000000| Complete 
|  40|0x0000000709200000, 0x0000000709400000, 0x0000000709400000|100%| E|CS|TAMS 0x0000000709200000| PB 0x0000000709200000| Complete 
|  41|0x0000000709400000, 0x0000000709600000, 0x0000000709600000|100%| E|CS|TAMS 0x0000000709400000| PB 0x0000000709400000| Complete 
|  42|0x0000000709600000, 0x0000000709800000, 0x0000000709800000|100%| E|CS|TAMS 0x0000000709600000| PB 0x0000000709600000| Complete 
|  43|0x0000000709800000, 0x0000000709a00000, 0x0000000709a00000|100%| E|CS|TAMS 0x0000000709800000| PB 0x0000000709800000| Complete 
|  44|0x0000000709a00000, 0x0000000709c00000, 0x0000000709c00000|100%| E|CS|TAMS 0x0000000709a00000| PB 0x0000000709a00000| Complete 
|  45|0x0000000709c00000, 0x0000000709e00000, 0x0000000709e00000|100%| E|CS|TAMS 0x0000000709c00000| PB 0x0000000709c00000| Complete 
|  46|0x0000000709e00000, 0x000000070a000000, 0x000000070a000000|100%| E|CS|TAMS 0x0000000709e00000| PB 0x0000000709e00000| Complete 
|  47|0x000000070a000000, 0x000000070a200000, 0x000000070a200000|100%| E|CS|TAMS 0x000000070a000000| PB 0x000000070a000000| Complete 
|  48|0x000000070a200000, 0x000000070a400000, 0x000000070a400000|100%| E|CS|TAMS 0x000000070a200000| PB 0x000000070a200000| Complete 
| 111|0x0000000712000000, 0x00000007121671c8, 0x0000000712200000| 70%| S|CS|TAMS 0x0000000712000000| PB 0x0000000712000000| Complete 
| 112|0x0000000712200000, 0x0000000712400000, 0x0000000712400000|100%| S|CS|TAMS 0x0000000712200000| PB 0x0000000712200000| Complete 
| 113|0x0000000712400000, 0x0000000712600000, 0x0000000712600000|100%| S|CS|TAMS 0x0000000712400000| PB 0x0000000712400000| Complete 
| 114|0x0000000712600000, 0x0000000712800000, 0x0000000712800000|100%| S|CS|TAMS 0x0000000712600000| PB 0x0000000712600000| Complete 
| 125|0x0000000713c00000, 0x0000000713e00000, 0x0000000713e00000|100%| E|CS|TAMS 0x0000000713c00000| PB 0x0000000713c00000| Complete 

Card table byte_map: [0x0000018076b50000,0x0000018077330000] _byte_map_base: 0x000001807332f000

Marking Bits: (CMBitMap*) 0x000001805efdcb70
 Bits: [0x0000018077b10000, 0x000001807ba08000)

Polling page: 0x000001805cee0000

Metaspace:

Usage:
  Non-class:     20.96 MB used.
      Class:      3.30 MB used.
       Both:     24.25 MB used.

Virtual space:
  Non-class space:       64.00 MB reserved,      21.12 MB ( 33%) committed,  1 nodes.
      Class space:        1.00 GB reserved,       3.50 MB ( <1%) committed,  1 nodes.
             Both:        1.06 GB reserved,      24.62 MB (  2%) committed. 

Chunk freelists:
   Non-Class:  2.27 MB
       Class:  540.00 KB
        Both:  2.79 MB

MaxMetaspaceSize: unlimited
CompressedClassSpaceSize: 1.00 GB
Initial GC threshold: 21.00 MB
Current GC threshold: 35.25 MB
CDS: on
MetaspaceReclaimPolicy: balanced
 - commit_granule_bytes: 65536.
 - commit_granule_words: 8192.
 - virtual_space_node_default_size: 8388608.
 - enlarge_chunks_in_place: 1.
 - new_chunks_are_fully_committed: 0.
 - uncommit_free_chunks: 1.
 - use_allocation_guard: 0.


Internal statistics:

num_allocs_failed_limit: 3.
num_arena_births: 414.
num_arena_deaths: 0.
num_vsnodes_births: 2.
num_vsnodes_deaths: 0.
num_space_committed: 394.
num_space_uncommitted: 0.
num_chunks_returned_to_freelist: 3.
num_chunks_taken_from_freelist: 1066.
num_chunk_merges: 3.
num_chunk_splits: 726.
num_chunks_enlarged: 514.
num_inconsistent_stats: 0.

CodeHeap 'non-profiled nmethods': size=120000Kb used=1967Kb max_used=1967Kb free=118032Kb
 bounds [0x000001806eb10000, 0x000001806ed80000, 0x0000018076040000]
CodeHeap 'profiled nmethods': size=120000Kb used=9522Kb max_used=9522Kb free=110477Kb
 bounds [0x0000018067040000, 0x0000018067990000, 0x000001806e570000]
CodeHeap 'non-nmethods': size=5760Kb used=2167Kb max_used=2201Kb free=3592Kb
 bounds [0x000001806e570000, 0x000001806e7e0000, 0x000001806eb10000]
 total_blobs=5407 nmethods=4518 adapters=799
 compilation: enabled
              stopped_count=0, restarted_count=0
 full_count=0

Compilation events (20 events):
Event: 16.520 Thread 0x000001807e460f50 4511       3       com.sun.javafx.scene.NodeHelper::pickNodeLocalImpl (12 bytes)
Event: 16.521 Thread 0x000001807e460f50 nmethod 4511 0x0000018067983c90 code [0x0000018067983e40, 0x00000180679840b0]
Event: 16.521 Thread 0x000001807e460f50 4512       3       javafx.scene.Node$1::doPickNodeLocal (7 bytes)
Event: 16.521 Thread 0x000001807e460f50 nmethod 4512 0x0000018067984210 code [0x00000180679843a0, 0x0000018067984550]
Event: 16.776 Thread 0x000001807e460f50 4513       3       javafx.scene.Node::preprocessMouseEvent (114 bytes)
Event: 16.777 Thread 0x000001807e460f50 nmethod 4513 0x0000018067984690 code [0x0000018067984a40, 0x0000018067986ab0]
Event: 21.865 Thread 0x000001807e460f50 4514       1       javafx.util.Duration::toMillis (5 bytes)
Event: 21.865 Thread 0x000001807e460f50 nmethod 4514 0x000001806ecfbc90 code [0x000001806ecfbe00, 0x000001806ecfbec8]
Event: 22.417 Thread 0x000001807e460f50 4515       3       java.util.stream.ReferencePipeline::map (26 bytes)
Event: 22.418 Thread 0x000001807e460f50 nmethod 4515 0x0000018067987310 code [0x00000180679874e0, 0x00000180679879c0]
Event: 22.418 Thread 0x000001807e460f50 4516       3       java.util.stream.ReferencePipeline$3::<init> (15 bytes)
Event: 22.418 Thread 0x000001807e460f50 nmethod 4516 0x0000018067987c10 code [0x0000018067987dc0, 0x0000018067988040]
Event: 22.632 Thread 0x000001807e460f50 4517       3       javafx.scene.input.PickResult::<init> (47 bytes)
Event: 22.633 Thread 0x000001807e460f50 nmethod 4517 0x0000018067988190 code [0x0000018067988320, 0x00000180679885e0]
Event: 22.633 Thread 0x000001807e460f50 4518       3       com.sun.javafx.tk.quantum.QuantumToolkit::isSupported (142 bytes)
Event: 22.634 Thread 0x000001807e460f50 nmethod 4518 0x0000018067988690 code [0x00000180679889a0, 0x0000018067989af0]
Event: 22.634 Thread 0x000001807e460f50 4519       3       javafx.scene.Node::pseudoClassStateChanged (59 bytes)
Event: 22.634 Thread 0x000001807e460f50 nmethod 4519 0x000001806798a090 code [0x000001806798a280, 0x000001806798a798]
Event: 22.635 Thread 0x000001807e460f50 4520       3       javafx.scene.Node::sceneToLocal0 (46 bytes)
Event: 22.636 Thread 0x000001807e460f50 nmethod 4520 0x000001806798a990 code [0x000001806798ac80, 0x000001806798c418]

GC Heap History (6 events):
Event: 0.551 GC heap before
{Heap before GC invocations=0 (full 0):
 garbage-first heap   total 258048K, used 22528K [0x0000000704200000, 0x0000000800000000)
  region size 2048K, 11 young (22528K), 0 survivors (0K)
 Metaspace       used 4963K, committed 5184K, reserved 1114112K
  class space    used 565K, committed 640K, reserved 1048576K
}
Event: 0.554 GC heap after
{Heap after GC invocations=1 (full 0):
 garbage-first heap   total 258048K, used 2813K [0x0000000704200000, 0x0000000800000000)
  region size 2048K, 2 young (4096K), 2 survivors (4096K)
 Metaspace       used 4963K, committed 5184K, reserved 1114112K
  class space    used 565K, committed 640K, reserved 1048576K
}
Event: 1.459 GC heap before
{Heap before GC invocations=1 (full 0):
 garbage-first heap   total 258048K, used 54013K [0x0000000704200000, 0x0000000800000000)
  region size 2048K, 20 young (40960K), 2 survivors (4096K)
 Metaspace       used 16555K, committed 16896K, reserved 1114112K
  class space    used 2068K, committed 2240K, reserved 1048576K
}
Event: 1.465 GC heap after
{Heap after GC invocations=2 (full 0):
 garbage-first heap   total 258048K, used 27711K [0x0000000704200000, 0x0000000800000000)
  region size 2048K, 3 young (6144K), 3 survivors (6144K)
 Metaspace       used 16555K, committed 16896K, reserved 1114112K
  class space    used 2068K, committed 2240K, reserved 1048576K
}
Event: 2.559 GC heap before
{Heap before GC invocations=2 (full 0):
 garbage-first heap   total 258048K, used 46143K [0x0000000704200000, 0x0000000800000000)
  region size 2048K, 14 young (28672K), 3 survivors (6144K)
 Metaspace       used 21213K, committed 21504K, reserved 1114112K
  class space    used 2909K, committed 3072K, reserved 1048576K
}
Event: 2.565 GC heap after
{Heap after GC invocations=3 (full 0):
 garbage-first heap   total 258048K, used 29147K [0x0000000704200000, 0x0000000800000000)
  region size 2048K, 4 young (8192K), 4 survivors (8192K)
 Metaspace       used 21213K, committed 21504K, reserved 1114112K
  class space    used 2909K, committed 3072K, reserved 1048576K
}

Dll operation events (20 events):
Event: 0.362 Loaded shared library C:\Users\DELL VOS\.openjfx\cache\20.0.1+2\amd64\api-ms-win-crt-multibyte-l1-1-0.dll
Event: 0.365 Loaded shared library C:\Users\DELL VOS\.openjfx\cache\20.0.1+2\amd64\api-ms-win-crt-private-l1-1-0.dll
Event: 0.367 Loaded shared library C:\Users\DELL VOS\.openjfx\cache\20.0.1+2\amd64\api-ms-win-crt-process-l1-1-0.dll
Event: 0.370 Loaded shared library C:\Users\DELL VOS\.openjfx\cache\20.0.1+2\amd64\api-ms-win-crt-runtime-l1-1-0.dll
Event: 0.372 Loaded shared library C:\Users\DELL VOS\.openjfx\cache\20.0.1+2\amd64\api-ms-win-crt-stdio-l1-1-0.dll
Event: 0.375 Loaded shared library C:\Users\DELL VOS\.openjfx\cache\20.0.1+2\amd64\api-ms-win-crt-string-l1-1-0.dll
Event: 0.377 Loaded shared library C:\Users\DELL VOS\.openjfx\cache\20.0.1+2\amd64\api-ms-win-crt-time-l1-1-0.dll
Event: 0.380 Loaded shared library C:\Users\DELL VOS\.openjfx\cache\20.0.1+2\amd64\api-ms-win-crt-utility-l1-1-0.dll
Event: 0.392 Loaded shared library C:\Users\DELL VOS\.openjfx\cache\20.0.1+2\amd64\ucrtbase.dll
Event: 0.396 Loaded shared library C:\Users\DELL VOS\.openjfx\cache\20.0.1+2\amd64\vcruntime140.dll
Event: 0.399 Loaded shared library C:\Users\DELL VOS\.openjfx\cache\20.0.1+2\amd64\vcruntime140_1.dll
Event: 0.407 Loaded shared library C:\Users\DELL VOS\.openjfx\cache\20.0.1+2\amd64\msvcp140.dll
Event: 0.410 Loaded shared library C:\Users\DELL VOS\.openjfx\cache\20.0.1+2\amd64\msvcp140_1.dll
Event: 0.413 Loaded shared library C:\Users\DELL VOS\.openjfx\cache\20.0.1+2\amd64\msvcp140_2.dll
Event: 0.442 Loaded shared library C:\Users\DELL VOS\.openjfx\cache\20.0.1+2\amd64\prism_d3d.dll
Event: 0.472 Loaded shared library C:\Users\DELL VOS\.openjfx\cache\20.0.1+2\amd64\glass.dll
Event: 0.562 Loaded shared library C:\Program Files\Java\jdk-20\bin\jimage.dll
Event: 0.757 Loaded shared library C:\Users\DELL VOS\.openjfx\cache\20.0.1+2\amd64\javafx_font.dll
Event: 1.012 Loaded shared library C:\Users\DELL VOS\.openjfx\cache\20.0.1+2\amd64\javafx_iio.dll
Event: 1.124 Loaded shared library C:\Program Files\Java\jdk-20\bin\sunmscapi.dll

Deoptimization events (20 events):
Event: 6.782 Thread 0x000001807e457c00 Uncommon trap: trap_request=0xffffffbe fr.pc=0x000001806ecc5bac relative=0x0000000000001bac
Event: 6.782 Thread 0x000001807e457c00 Uncommon trap: reason=profile_predicate action=maybe_recompile pc=0x000001806ecc5bac method=javafx.css.CompoundSelector.applies(Ljavafx/css/Styleable;[Ljava/util/Set;I)Z @ 89 c2
Event: 6.782 Thread 0x000001807e457c00 DEOPT PACKING pc=0x000001806ecc5bac sp=0x000000139ebf9910
Event: 6.782 Thread 0x000001807e457c00 DEOPT UNPACKING pc=0x000001806e58d2a2 sp=0x000000139ebf9910 mode 2
Event: 6.782 Thread 0x000001807e457c00 Uncommon trap: trap_request=0xffffffbe fr.pc=0x000001806ecc5bac relative=0x0000000000001bac
Event: 6.782 Thread 0x000001807e457c00 Uncommon trap: reason=profile_predicate action=maybe_recompile pc=0x000001806ecc5bac method=javafx.css.CompoundSelector.applies(Ljavafx/css/Styleable;[Ljava/util/Set;I)Z @ 89 c2
Event: 6.782 Thread 0x000001807e457c00 DEOPT PACKING pc=0x000001806ecc5bac sp=0x000000139ebf9910
Event: 6.782 Thread 0x000001807e457c00 DEOPT UNPACKING pc=0x000001806e58d2a2 sp=0x000000139ebf9910 mode 2
Event: 6.793 Thread 0x000001807e457c00 Uncommon trap: trap_request=0xffffffd6 fr.pc=0x000001806ecf7ec4 relative=0x0000000000000484
Event: 6.793 Thread 0x000001807e457c00 Uncommon trap: reason=array_check action=maybe_recompile pc=0x000001806ecf7ec4 method=javafx.css.CompoundSelector.applies(Ljavafx/css/Styleable;[Ljava/util/Set;I)Z @ 128 c2
Event: 6.793 Thread 0x000001807e457c00 DEOPT PACKING pc=0x000001806ecf7ec4 sp=0x000000139ebf96f0
Event: 6.793 Thread 0x000001807e457c00 DEOPT UNPACKING pc=0x000001806e58d2a2 sp=0x000000139ebf9678 mode 2
Event: 6.793 Thread 0x000001807e457c00 Uncommon trap: trap_request=0xffffffd6 fr.pc=0x000001806ecf7ec4 relative=0x0000000000000484
Event: 6.793 Thread 0x000001807e457c00 Uncommon trap: reason=array_check action=maybe_recompile pc=0x000001806ecf7ec4 method=javafx.css.CompoundSelector.applies(Ljavafx/css/Styleable;[Ljava/util/Set;I)Z @ 128 c2
Event: 6.793 Thread 0x000001807e457c00 DEOPT PACKING pc=0x000001806ecf7ec4 sp=0x000000139ebf9670
Event: 6.793 Thread 0x000001807e457c00 DEOPT UNPACKING pc=0x000001806e58d2a2 sp=0x000000139ebf95f8 mode 2
Event: 6.793 Thread 0x000001807e457c00 Uncommon trap: trap_request=0xffffffd6 fr.pc=0x000001806ecf7ec4 relative=0x0000000000000484
Event: 6.793 Thread 0x000001807e457c00 Uncommon trap: reason=array_check action=maybe_recompile pc=0x000001806ecf7ec4 method=javafx.css.CompoundSelector.applies(Ljavafx/css/Styleable;[Ljava/util/Set;I)Z @ 128 c2
Event: 6.793 Thread 0x000001807e457c00 DEOPT PACKING pc=0x000001806ecf7ec4 sp=0x000000139ebf96f0
Event: 6.793 Thread 0x000001807e457c00 DEOPT UNPACKING pc=0x000001806e58d2a2 sp=0x000000139ebf9678 mode 2

Classes loaded (20 events):
Event: 2.880 Loading class java/util/EnumMap$ValueIterator
Event: 2.880 Loading class java/util/EnumMap$EnumMapIterator
Event: 2.880 Loading class java/util/EnumMap$EnumMapIterator done
Event: 2.880 Loading class java/util/EnumMap$ValueIterator done
Event: 2.903 Loading class java/lang/FdLibm$Cbrt
Event: 2.903 Loading class java/lang/FdLibm$Cbrt done
Event: 4.386 Loading class java/io/UnsupportedEncodingException
Event: 4.386 Loading class java/io/UnsupportedEncodingException done
Event: 11.595 Loading class sun/security/ssl/Alert
Event: 11.596 Loading class sun/security/ssl/Alert done
Event: 11.596 Loading class sun/security/ssl/Alert$AlertConsumer
Event: 11.596 Loading class sun/security/ssl/Alert$AlertConsumer done
Event: 11.596 Loading class sun/security/ssl/Alert$Level
Event: 11.596 Loading class sun/security/ssl/Alert$Level done
Event: 11.599 Loading class java/net/SocketTimeoutException
Event: 11.599 Loading class java/io/InterruptedIOException
Event: 11.599 Loading class java/io/InterruptedIOException done
Event: 11.599 Loading class java/net/SocketTimeoutException done
Event: 24.264 Loading class jdk/internal/misc/Signal$1
Event: 24.264 Loading class jdk/internal/misc/Signal$1 done

Classes unloaded (0 events):
No events

Classes redefined (0 events):
No events

Internal exceptions (20 events):
Event: 2.355 Thread 0x000001807e457c00 Implicit null exception at 0x000001806ec1e346 to 0x000001806ec1e3da
Event: 2.356 Thread 0x000001807e457c00 Implicit null exception at 0x000001806eb9ca1d to 0x000001806eb9cc7c
Event: 2.356 Thread 0x000001807e457c00 Implicit null exception at 0x000001806eb3249d to 0x000001806eb32659
Event: 2.431 Thread 0x000001807e457c00 Implicit null exception at 0x000001806ec268d7 to 0x000001806ec26934
Event: 2.435 Thread 0x000001807e457c00 Exception <a 'java/lang/IncompatibleClassChangeError'{0x00000007131dada0}: Found class java.lang.Object, but interface was expected> (0x00000007131dada0) 
thrown [s\open\src\hotspot\share\interpreter\linkResolver.cpp, line 840]
Event: 2.483 Thread 0x000001807e457c00 Exception <a 'java/lang/ClassNotFoundException'{0x0000000712c6b6c0}: com/sun/javafx/scene/control/skin/resources/controls> (0x0000000712c6b6c0) 
thrown [s\open\src\hotspot\share\prims\jni.cpp, line 538]
Event: 2.483 Thread 0x000001807e457c00 Exception <a 'java/lang/ClassNotFoundException'{0x0000000712c79748}: com/sun/javafx/scene/control/skin/resources/controls_en> (0x0000000712c79748) 
thrown [s\open\src\hotspot\share\prims\jni.cpp, line 538]
Event: 2.483 Thread 0x000001807e457c00 Exception <a 'java/lang/ClassNotFoundException'{0x0000000712c7a9a0}: com/sun/javafx/scene/control/skin/resources/controls_en_US> (0x0000000712c7a9a0) 
thrown [s\open\src\hotspot\share\prims\jni.cpp, line 538]
Event: 2.511 Thread 0x000001807e457c00 Exception <a 'java/lang/NoSuchMethodError'{0x0000000712a860d0}: 'void java.lang.invoke.DirectMethodHandle$Holder.invokeSpecial(java.lang.Object, java.lang.Object, java.lang.Object, java.lang.Object, java.lang.Object, java.lang.Object)'> (0x0000000712a860d0) 
thrown [s\open\src\hotspot\share\interpreter\linkResolver.cpp, line 773]
Event: 2.629 Thread 0x000001807e457c00 Exception <a 'java/lang/NoSuchMethodError'{0x000000070a243130}: 'int java.lang.invoke.DirectMethodHandle$Holder.invokeSpecial(java.lang.Object, java.lang.Object, int)'> (0x000000070a243130) 
thrown [s\open\src\hotspot\share\interpreter\linkResolver.cpp, line 773]
Event: 2.671 Thread 0x000001807e457c00 Exception <a 'java/lang/NoSuchMethodError'{0x000000070a2e9f08}: 'java.lang.Object java.lang.invoke.DirectMethodHandle$Holder.newInvokeSpecial(java.lang.Object, java.lang.Object, int)'> (0x000000070a2e9f08) 
thrown [s\open\src\hotspot\share\interpreter\linkResolver.cpp, line 773]
Event: 2.715 Thread 0x000001807e458150 Exception <a 'java/lang/NoSuchMethodError'{0x000000070a019ad8}: 'int java.lang.invoke.DirectMethodHandle$Holder.invokeStaticInit(java.lang.Object, java.lang.Object)'> (0x000000070a019ad8) 
thrown [s\open\src\hotspot\share\interpreter\linkResolver.cpp, line 773]
Event: 2.871 Thread 0x000001807e457c00 Exception <a 'java/lang/NoSuchMethodError'{0x000000070a3cbd20}: 'long java.lang.invoke.DirectMethodHandle$Holder.invokeStatic(java.lang.Object, java.lang.Object, java.lang.Object)'> (0x000000070a3cbd20) 
thrown [s\open\src\hotspot\share\interpreter\linkResolver.cpp, line 773]
Event: 2.871 Thread 0x000001807e457c00 Exception <a 'java/lang/NoSuchMethodError'{0x000000070a3cf0f0}: 'long java.lang.invoke.DirectMethodHandle$Holder.invokeStaticInit(java.lang.Object, java.lang.Object, java.lang.Object)'> (0x000000070a3cf0f0) 
thrown [s\open\src\hotspot\share\interpreter\linkResolver.cpp, line 773]
Event: 2.872 Thread 0x000001807e457c00 Exception <a 'java/lang/NoSuchMethodError'{0x000000070a3e7148}: 'java.lang.Object java.lang.invoke.DirectMethodHandle$Holder.newInvokeSpecial(java.lang.Object, java.lang.Object, long)'> (0x000000070a3e7148) 
thrown [s\open\src\hotspot\share\interpreter\linkResolver.cpp, line 773]
Event: 2.873 Thread 0x000001807e457c00 Exception <a 'java/lang/NoSuchMethodError'{0x000000070a3eaa40}: 'java.lang.Object java.lang.invoke.Invokers$Holder.linkToTargetMethod(java.lang.Object, long, java.lang.Object)'> (0x000000070a3eaa40) 
thrown [s\open\src\hotspot\share\interpreter\linkResolver.cpp, line 773]
Event: 4.610 Thread 0x000001807e457c00 Exception <a 'java/lang/NoSuchMethodError'{0x0000000709584e80}: 'void java.lang.invoke.DirectMethodHandle$Holder.invokeSpecial(java.lang.Object, java.lang.Object, int, int)'> (0x0000000709584e80) 
thrown [s\open\src\hotspot\share\interpreter\linkResolver.cpp, line 773]
Event: 4.611 Thread 0x000001807e457c00 Exception <a 'java/lang/NoSuchMethodError'{0x000000070958b658}: 'java.lang.Object java.lang.invoke.DirectMethodHandle$Holder.newInvokeSpecial(java.lang.Object, java.lang.Object, int, int)'> (0x000000070958b658) 
thrown [s\open\src\hotspot\share\interpreter\linkResolver.cpp, line 773]
Event: 4.611 Thread 0x000001807e457c00 Exception <a 'java/lang/NoSuchMethodError'{0x000000070958f868}: 'java.lang.Object java.lang.invoke.DirectMethodHandle$Holder.invokeSpecial(java.lang.Object, java.lang.Object, java.lang.Object, int, int)'> (0x000000070958f868) 
thrown [s\open\src\hotspot\share\interpreter\linkResolver.cpp, line 773]
Event: 8.897 Thread 0x000001807e457c00 Exception <a 'java/lang/NoSuchMethodError'{0x000000070905e010}: 'java.lang.Object java.lang.invoke.DirectMethodHandle$Holder.newInvokeSpecial(java.lang.Object, java.lang.Object, java.lang.Object, double, double, double, double, int, int, int, int, int, int, int, int, int)'> (0x000000070905e010) 
thrown [s\open\src\hotspot\share\interpreter\linkResolver.cpp, line 773]

VM Operations (20 events):
Event: 4.538 Executing VM operation: HandshakeAllThreads done
Event: 4.538 Executing VM operation: Cleanup
Event: 4.538 Executing VM operation: Cleanup done
Event: 5.538 Executing VM operation: Cleanup
Event: 5.538 Executing VM operation: Cleanup done
Event: 6.539 Executing VM operation: Cleanup
Event: 6.539 Executing VM operation: Cleanup done
Event: 7.540 Executing VM operation: Cleanup
Event: 7.540 Executing VM operation: Cleanup done
Event: 8.540 Executing VM operation: Cleanup
Event: 8.540 Executing VM operation: Cleanup done
Event: 9.540 Executing VM operation: Cleanup
Event: 9.540 Executing VM operation: Cleanup done
Event: 12.541 Executing VM operation: Cleanup
Event: 12.541 Executing VM operation: Cleanup done
Event: 20.544 Executing VM operation: Cleanup
Event: 20.545 Executing VM operation: Cleanup done
Event: 23.545 Executing VM operation: Cleanup
Event: 23.545 Executing VM operation: Cleanup done
Event: 24.270 Executing VM operation: Exit

Events (20 events):
Event: 2.739 Thread 0x0000018045eba5d0 Thread added: 0x0000018045eba5d0
Event: 2.815 Thread 0x000001804a888fd0 Thread exited: 0x000001804a888fd0
Event: 3.066 Thread 0x000001804a9f11a0 Thread exited: 0x000001804a9f11a0
Event: 4.002 Thread 0x000001804a9433c0 Thread added: 0x000001804a9433c0
Event: 4.005 Thread 0x000001804df8c1f0 Thread added: 0x000001804df8c1f0
Event: 4.144 Thread 0x000001804df8c1f0 Thread exited: 0x000001804df8c1f0
Event: 4.144 Thread 0x000001804a9433c0 Thread exited: 0x000001804a9433c0
Event: 4.500 Thread 0x000001804a5a6da0 Thread added: 0x000001804a5a6da0
Event: 4.544 Thread 0x000001804ae32c80 Thread added: 0x000001804ae32c80
Event: 4.826 Thread 0x000001804ae32c80 Thread exited: 0x000001804ae32c80
Event: 4.841 Thread 0x000001804a5a6da0 Thread exited: 0x000001804a5a6da0
Event: 11.602 Thread 0x0000018045ebe040 Thread exited: 0x0000018045ebe040
Event: 24.264 Thread 0x0000018045ebe590 Thread added: 0x0000018045ebe590
Event: 24.265 Thread 0x0000018045ebfad0 Thread added: 0x0000018045ebfad0
Event: 24.265 Thread 0x0000018045eb85f0 Thread added: 0x0000018045eb85f0
Event: 24.265 Thread 0x0000018045ebf580 Thread added: 0x0000018045ebf580
Event: 24.265 Thread 0x0000018045ebf580 Thread exited: 0x0000018045ebf580
Event: 24.266 Thread 0x0000018045ebfad0 Thread exited: 0x0000018045ebfad0
Event: 24.270 Thread 0x0000018045eb85f0 Thread exited: 0x0000018045eb85f0
Event: 24.270 Thread 0x000001807e4428f0 Thread exited: 0x000001807e4428f0


Dynamic libraries:
0x00007ff6c4ef0000 - 0x00007ff6c4f00000 	C:\Program Files\Java\jdk-20\bin\java.exe
0x00007ffab2e30000 - 0x00007ffab3047000 	C:\WINDOWS\SYSTEM32\ntdll.dll
0x00007ffab22d0000 - 0x00007ffab2394000 	C:\WINDOWS\System32\KERNEL32.DLL
0x00007ffab02b0000 - 0x00007ffab0655000 	C:\WINDOWS\System32\KERNELBASE.dll
0x00007ffab0a60000 - 0x00007ffab0b71000 	C:\WINDOWS\System32\ucrtbase.dll
0x00007ffaab270000 - 0x00007ffaab28b000 	C:\Program Files\Java\jdk-20\bin\VCRUNTIME140.dll
0x00007ffaac890000 - 0x00007ffaac8a9000 	C:\Program Files\Java\jdk-20\bin\jli.dll
0x00007ffab2af0000 - 0x00007ffab2ba1000 	C:\WINDOWS\System32\ADVAPI32.dll
0x00007ffab2c40000 - 0x00007ffab2ce7000 	C:\WINDOWS\System32\msvcrt.dll
0x00007ffab2220000 - 0x00007ffab22c6000 	C:\WINDOWS\System32\sechost.dll
0x00007ffab11b0000 - 0x00007ffab12c7000 	C:\WINDOWS\System32\RPCRT4.dll
0x00007ffab1000000 - 0x00007ffab11ae000 	C:\WINDOWS\System32\USER32.dll
0x00007ffa84e10000 - 0x00007ffa850a3000 	C:\WINDOWS\WinSxS\amd64_microsoft.windows.common-controls_6595b64144ccf1df_6.0.22621.2506_none_270c5ae97388e100\COMCTL32.dll
0x00007ffab06e0000 - 0x00007ffab0706000 	C:\WINDOWS\System32\win32u.dll
0x00007ffab0fd0000 - 0x00007ffab0ff9000 	C:\WINDOWS\System32\GDI32.dll
0x00007ffab07d0000 - 0x00007ffab08e9000 	C:\WINDOWS\System32\gdi32full.dll
0x00007ffab01a0000 - 0x00007ffab023a000 	C:\WINDOWS\System32\msvcp_win.dll
0x00007ffaa7730000 - 0x00007ffaa773a000 	C:\WINDOWS\SYSTEM32\VERSION.dll
0x00007ffab23a0000 - 0x00007ffab23d1000 	C:\WINDOWS\System32\IMM32.DLL
0x00007ffaac880000 - 0x00007ffaac88c000 	C:\Program Files\Java\jdk-20\bin\vcruntime140_1.dll
0x00007ffa9b410000 - 0x00007ffa9b49e000 	C:\Program Files\Java\jdk-20\bin\msvcp140.dll
0x00007ffa59ca0000 - 0x00007ffa5a938000 	C:\Program Files\Java\jdk-20\bin\server\jvm.dll
0x00007ffaa82a0000 - 0x00007ffaa82d4000 	C:\WINDOWS\SYSTEM32\WINMM.dll
0x00007ffa8ba60000 - 0x00007ffa8ba69000 	C:\WINDOWS\SYSTEM32\WSOCK32.dll
0x00007ffab0de0000 - 0x00007ffab0e51000 	C:\WINDOWS\System32\ws2_32.DLL
0x00007ffaaf100000 - 0x00007ffaaf118000 	C:\WINDOWS\SYSTEM32\kernel.appcore.dll
0x00007ffaac860000 - 0x00007ffaac86a000 	C:\Program Files\Java\jdk-20\bin\jimage.dll
0x00007ffaad970000 - 0x00007ffaadba3000 	C:\WINDOWS\SYSTEM32\DBGHELP.DLL
0x00007ffab1b50000 - 0x00007ffab1ed9000 	C:\WINDOWS\System32\combase.dll
0x00007ffab2a10000 - 0x00007ffab2ae7000 	C:\WINDOWS\System32\OLEAUT32.dll
0x00007ffaa2150000 - 0x00007ffaa2182000 	C:\WINDOWS\SYSTEM32\dbgcore.DLL
0x00007ffab0660000 - 0x00007ffab06da000 	C:\WINDOWS\System32\bcryptPrimitives.dll
0x00007ffaa1310000 - 0x00007ffaa131e000 	C:\Program Files\Java\jdk-20\bin\instrument.dll
0x00007ffa9be10000 - 0x00007ffa9be36000 	C:\Program Files\Java\jdk-20\bin\java.dll
0x00007ffa98af0000 - 0x00007ffa98bc7000 	C:\Program Files\Java\jdk-20\bin\jsvml.dll
0x00007ffab12f0000 - 0x00007ffab1b49000 	C:\WINDOWS\System32\SHELL32.dll
0x00007ffaae070000 - 0x00007ffaae964000 	C:\WINDOWS\SYSTEM32\windows.storage.dll
0x00007ffaadf30000 - 0x00007ffaae06e000 	C:\WINDOWS\SYSTEM32\wintypes.dll
0x00007ffab2120000 - 0x00007ffab2213000 	C:\WINDOWS\System32\SHCORE.dll
0x00007ffab1ee0000 - 0x00007ffab1f3e000 	C:\WINDOWS\System32\shlwapi.dll
0x00007ffab00d0000 - 0x00007ffab00f6000 	C:\WINDOWS\SYSTEM32\profapi.dll
0x00007ffa9c810000 - 0x00007ffa9c823000 	C:\Program Files\Java\jdk-20\bin\net.dll
0x00007ffaaa490000 - 0x00007ffaaa5c7000 	C:\WINDOWS\SYSTEM32\WINHTTP.dll
0x00007ffaaf5d0000 - 0x00007ffaaf639000 	C:\WINDOWS\system32\mswsock.dll
0x00007ffa9c700000 - 0x00007ffa9c716000 	C:\Program Files\Java\jdk-20\bin\nio.dll
0x00007ffa9c300000 - 0x00007ffa9c318000 	C:\Program Files\Java\jdk-20\bin\zip.dll
0x00007ffa9a150000 - 0x00007ffa9a16a000 	C:\Program Files\JetBrains\IntelliJ IDEA 2023.2.2\bin\breakgen64.dll
0x000001805cf30000 - 0x000001805cf33000 	C:\Users\DELL VOS\.openjfx\cache\20.0.1+2\amd64\api-ms-win-core-console-l1-1-0.dll
0x000001805cf40000 - 0x000001805cf43000 	C:\Users\DELL VOS\.openjfx\cache\20.0.1+2\amd64\api-ms-win-core-console-l1-2-0.dll
0x000001805cf50000 - 0x000001805cf53000 	C:\Users\DELL VOS\.openjfx\cache\20.0.1+2\amd64\api-ms-win-core-datetime-l1-1-0.dll
0x000001805cf60000 - 0x000001805cf63000 	C:\Users\DELL VOS\.openjfx\cache\20.0.1+2\amd64\api-ms-win-core-debug-l1-1-0.dll
0x000001805cf70000 - 0x000001805cf73000 	C:\Users\DELL VOS\.openjfx\cache\20.0.1+2\amd64\api-ms-win-core-errorhandling-l1-1-0.dll
0x000001805eef0000 - 0x000001805eef4000 	C:\Users\DELL VOS\.openjfx\cache\20.0.1+2\amd64\api-ms-win-core-file-l1-1-0.dll
0x000001805ef00000 - 0x000001805ef03000 	C:\Users\DELL VOS\.openjfx\cache\20.0.1+2\amd64\api-ms-win-core-file-l1-2-0.dll
0x000001805ef10000 - 0x000001805ef13000 	C:\Users\DELL VOS\.openjfx\cache\20.0.1+2\amd64\api-ms-win-core-file-l2-1-0.dll
0x000001805ef20000 - 0x000001805ef23000 	C:\Users\DELL VOS\.openjfx\cache\20.0.1+2\amd64\api-ms-win-core-handle-l1-1-0.dll
0x000001807f190000 - 0x000001807f193000 	C:\Users\DELL VOS\.openjfx\cache\20.0.1+2\amd64\api-ms-win-core-heap-l1-1-0.dll
0x000001807f1a0000 - 0x000001807f1a3000 	C:\Users\DELL VOS\.openjfx\cache\20.0.1+2\amd64\api-ms-win-core-interlocked-l1-1-0.dll
0x000001807f1b0000 - 0x000001807f1b3000 	C:\Users\DELL VOS\.openjfx\cache\20.0.1+2\amd64\api-ms-win-core-libraryloader-l1-1-0.dll
0x000001807f1c0000 - 0x000001807f1c3000 	C:\Users\DELL VOS\.openjfx\cache\20.0.1+2\amd64\api-ms-win-core-localization-l1-2-0.dll
0x000001807f1d0000 - 0x000001807f1d3000 	C:\Users\DELL VOS\.openjfx\cache\20.0.1+2\amd64\api-ms-win-core-memory-l1-1-0.dll
0x000001807f1e0000 - 0x000001807f1e3000 	C:\Users\DELL VOS\.openjfx\cache\20.0.1+2\amd64\api-ms-win-core-namedpipe-l1-1-0.dll
0x000001807f1f0000 - 0x000001807f1f3000 	C:\Users\DELL VOS\.openjfx\cache\20.0.1+2\amd64\api-ms-win-core-processenvironment-l1-1-0.dll
0x000001807f200000 - 0x000001807f203000 	C:\Users\DELL VOS\.openjfx\cache\20.0.1+2\amd64\api-ms-win-core-processthreads-l1-1-0.dll
0x000001807f210000 - 0x000001807f213000 	C:\Users\DELL VOS\.openjfx\cache\20.0.1+2\amd64\api-ms-win-core-processthreads-l1-1-1.dll
0x000001807f220000 - 0x000001807f223000 	C:\Users\DELL VOS\.openjfx\cache\20.0.1+2\amd64\api-ms-win-core-profile-l1-1-0.dll
0x000001807f4a0000 - 0x000001807f4a3000 	C:\Users\DELL VOS\.openjfx\cache\20.0.1+2\amd64\api-ms-win-core-rtlsupport-l1-1-0.dll
0x000001807f4b0000 - 0x000001807f4b3000 	C:\Users\DELL VOS\.openjfx\cache\20.0.1+2\amd64\api-ms-win-core-string-l1-1-0.dll
0x000001807f4c0000 - 0x000001807f4c3000 	C:\Users\DELL VOS\.openjfx\cache\20.0.1+2\amd64\api-ms-win-core-synch-l1-1-0.dll
0x000001807f4d0000 - 0x000001807f4d3000 	C:\Users\DELL VOS\.openjfx\cache\20.0.1+2\amd64\api-ms-win-core-synch-l1-2-0.dll
0x000001807f4e0000 - 0x000001807f4e3000 	C:\Users\DELL VOS\.openjfx\cache\20.0.1+2\amd64\api-ms-win-core-sysinfo-l1-1-0.dll
0x000001807f4f0000 - 0x000001807f4f3000 	C:\Users\DELL VOS\.openjfx\cache\20.0.1+2\amd64\api-ms-win-core-timezone-l1-1-0.dll
0x000001807f370000 - 0x000001807f373000 	C:\Users\DELL VOS\.openjfx\cache\20.0.1+2\amd64\api-ms-win-core-util-l1-1-0.dll
0x000001807f380000 - 0x000001807f383000 	C:\Users\DELL VOS\.openjfx\cache\20.0.1+2\amd64\api-ms-win-crt-conio-l1-1-0.dll
0x000001807f390000 - 0x000001807f394000 	C:\Users\DELL VOS\.openjfx\cache\20.0.1+2\amd64\api-ms-win-crt-convert-l1-1-0.dll
0x000001807f3a0000 - 0x000001807f3a3000 	C:\Users\DELL VOS\.openjfx\cache\20.0.1+2\amd64\api-ms-win-crt-environment-l1-1-0.dll
0x000001807f3b0000 - 0x000001807f3b3000 	C:\Users\DELL VOS\.openjfx\cache\20.0.1+2\amd64\api-ms-win-crt-filesystem-l1-1-0.dll
0x000001807f3c0000 - 0x000001807f3c3000 	C:\Users\DELL VOS\.openjfx\cache\20.0.1+2\amd64\api-ms-win-crt-heap-l1-1-0.dll
0x000001807f3d0000 - 0x000001807f3d3000 	C:\Users\DELL VOS\.openjfx\cache\20.0.1+2\amd64\api-ms-win-crt-locale-l1-1-0.dll
0x000001807f3e0000 - 0x000001807f3e5000 	C:\Users\DELL VOS\.openjfx\cache\20.0.1+2\amd64\api-ms-win-crt-math-l1-1-0.dll
0x000001807f3f0000 - 0x000001807f3f5000 	C:\Users\DELL VOS\.openjfx\cache\20.0.1+2\amd64\api-ms-win-crt-multibyte-l1-1-0.dll
0x000001807f400000 - 0x000001807f410000 	C:\Users\DELL VOS\.openjfx\cache\20.0.1+2\amd64\api-ms-win-crt-private-l1-1-0.dll
0x000001807f410000 - 0x000001807f413000 	C:\Users\DELL VOS\.openjfx\cache\20.0.1+2\amd64\api-ms-win-crt-process-l1-1-0.dll
0x000001807f420000 - 0x000001807f424000 	C:\Users\DELL VOS\.openjfx\cache\20.0.1+2\amd64\api-ms-win-crt-runtime-l1-1-0.dll
0x000001807f430000 - 0x000001807f434000 	C:\Users\DELL VOS\.openjfx\cache\20.0.1+2\amd64\api-ms-win-crt-stdio-l1-1-0.dll
0x000001807f440000 - 0x000001807f444000 	C:\Users\DELL VOS\.openjfx\cache\20.0.1+2\amd64\api-ms-win-crt-string-l1-1-0.dll
0x000001807f450000 - 0x000001807f453000 	C:\Users\DELL VOS\.openjfx\cache\20.0.1+2\amd64\api-ms-win-crt-time-l1-1-0.dll
0x000001807f460000 - 0x000001807f463000 	C:\Users\DELL VOS\.openjfx\cache\20.0.1+2\amd64\api-ms-win-crt-utility-l1-1-0.dll
0x00007ffa671a0000 - 0x00007ffa6729c000 	C:\Users\DELL VOS\.openjfx\cache\20.0.1+2\amd64\ucrtbase.dll
0x00007ffa99440000 - 0x00007ffa9945b000 	C:\Users\DELL VOS\.openjfx\cache\20.0.1+2\amd64\vcruntime140.dll
0x00007ffa9bd00000 - 0x00007ffa9bd0c000 	C:\Users\DELL VOS\.openjfx\cache\20.0.1+2\amd64\vcruntime140_1.dll
0x00007ffa67500000 - 0x00007ffa6758e000 	C:\Users\DELL VOS\.openjfx\cache\20.0.1+2\amd64\msvcp140.dll
0x00007ffa9ba80000 - 0x00007ffa9ba89000 	C:\Users\DELL VOS\.openjfx\cache\20.0.1+2\amd64\msvcp140_1.dll
0x00007ffa98a50000 - 0x00007ffa98a80000 	C:\Users\DELL VOS\.openjfx\cache\20.0.1+2\amd64\msvcp140_2.dll
0x00007ffa946f0000 - 0x00007ffa9471f000 	C:\Users\DELL VOS\.openjfx\cache\20.0.1+2\amd64\prism_d3d.dll
0x00007ffa678a0000 - 0x00007ffa67a49000 	C:\WINDOWS\system32\d3d9.dll
0x00007ffaad410000 - 0x00007ffaad43b000 	C:\WINDOWS\SYSTEM32\dwmapi.dll
0x00007ffaad3b0000 - 0x00007ffaad3e6000 	C:\WINDOWS\SYSTEM32\dxcore.dll
0x00007ffaad1a0000 - 0x00007ffaad24b000 	C:\WINDOWS\system32\uxtheme.dll
0x00007ffab2870000 - 0x00007ffab2a10000 	C:\WINDOWS\System32\ole32.dll
0x00007ffaaa390000 - 0x00007ffaaa3da000 	C:\WINDOWS\SYSTEM32\directxdatabasehelper.dll
0x00007ffa80c20000 - 0x00007ffa80c62000 	C:\Users\DELL VOS\.openjfx\cache\20.0.1+2\amd64\glass.dll
0x00007ffab0ec0000 - 0x00007ffab0fb9000 	C:\WINDOWS\System32\COMDLG32.dll
0x00007ffab1f40000 - 0x00007ffab208f000 	C:\WINDOWS\System32\MSCTF.dll
0x00007ffa97450000 - 0x00007ffa97464000 	C:\Users\DELL VOS\.openjfx\cache\20.0.1+2\amd64\javafx_font.dll
0x00007ffaac0d0000 - 0x00007ffaac343000 	C:\WINDOWS\SYSTEM32\dwrite.dll
0x00007ffa93760000 - 0x00007ffa9378d000 	C:\Users\DELL VOS\.openjfx\cache\20.0.1+2\amd64\javafx_iio.dll
0x00007ffa9be00000 - 0x00007ffa9be0e000 	C:\Program Files\Java\jdk-20\bin\sunmscapi.dll
0x00007ffab08f0000 - 0x00007ffab0a56000 	C:\WINDOWS\System32\CRYPT32.dll
0x00007ffaafa30000 - 0x00007ffaafa5d000 	C:\WINDOWS\SYSTEM32\ncrypt.dll
0x00007ffaaf9f0000 - 0x00007ffaafa27000 	C:\WINDOWS\SYSTEM32\NTASN1.dll
0x00007ffaaf920000 - 0x00007ffaaf93b000 	C:\WINDOWS\SYSTEM32\CRYPTSP.dll
0x00007ffaaf0c0000 - 0x00007ffaaf0f5000 	C:\WINDOWS\system32\rsaenh.dll
0x00007ffaaf670000 - 0x00007ffaaf69c000 	C:\WINDOWS\SYSTEM32\USERENV.dll
0x00007ffaafa60000 - 0x00007ffaafa88000 	C:\WINDOWS\SYSTEM32\bcrypt.dll
0x00007ffaaf900000 - 0x00007ffaaf90c000 	C:\WINDOWS\SYSTEM32\CRYPTBASE.dll
0x00007ffaaebd0000 - 0x00007ffaaebfd000 	C:\WINDOWS\SYSTEM32\IPHLPAPI.DLL
0x00007ffab20a0000 - 0x00007ffab20a9000 	C:\WINDOWS\System32\NSI.dll
0x00007ffaaa300000 - 0x00007ffaaa319000 	C:\WINDOWS\SYSTEM32\dhcpcsvc6.DLL
0x00007ffaaa2e0000 - 0x00007ffaaa2ff000 	C:\WINDOWS\SYSTEM32\dhcpcsvc.DLL
0x00007ffaaec40000 - 0x00007ffaaed39000 	C:\WINDOWS\SYSTEM32\DNSAPI.dll
0x00007ffaa5230000 - 0x00007ffaa523a000 	C:\Windows\System32\rasadhlp.dll
0x00007ffaa72d0000 - 0x00007ffaa7353000 	C:\WINDOWS\System32\fwpuclnt.dll
0x00007ffab2d40000 - 0x00007ffab2df0000 	C:\WINDOWS\System32\clbcatq.dll
0x00007ffaab930000 - 0x00007ffaabae0000 	C:\WINDOWS\SYSTEM32\WindowsCodecs.dll
0x00007ffa81d30000 - 0x00007ffa81d8e000 	C:\WINDOWS\system32\dataexchange.dll
0x00007ffaa7f30000 - 0x00007ffaa81b5000 	C:\WINDOWS\system32\twinapi.appcore.dll
0x00007ffa9a540000 - 0x00007ffa9a572000 	C:\Program Files\Common Files\Microsoft Shared\Ink\rtscom.dll

dbghelp: loaded successfully - version: 4.0.5 - missing functions: none
symbol engine: initialized successfully - sym options: 0x614 - pdb path: .;C:\Program Files\Java\jdk-20\bin;C:\WINDOWS\SYSTEM32;C:\WINDOWS\WinSxS\amd64_microsoft.windows.common-controls_6595b64144ccf1df_6.0.22621.2506_none_270c5ae97388e100;C:\Program Files\Java\jdk-20\bin\server;C:\Program Files\JetBrains\IntelliJ IDEA 2023.2.2\bin;C:\Users\DELL VOS\.openjfx\cache\20.0.1+2\amd64;C:\WINDOWS\System32\DriverStore\FileRepository\iigd_dch.inf_amd64_c72300957b29169c;C:\Program Files\Common Files\Microsoft Shared\Ink

VM Arguments:
jvm_args: -javaagent:C:\Program Files\JetBrains\IntelliJ IDEA 2023.2.2\lib\idea_rt.jar=63596:C:\Program Files\JetBrains\IntelliJ IDEA 2023.2.2\bin -Dfile.encoding=UTF-8 -Dsun.stdout.encoding=UTF-8 -Dsun.stderr.encoding=UTF-8 --module-path=C:\Users\DELL VOS\.m2\repository\org\openjfx\javafx-graphics\20.0.1\javafx-graphics-20.0.1-win.jar;C:\Users\DELL VOS\.m2\repository\org\openjfx\javafx-fxml\20.0.1\javafx-fxml-20.0.1-win.jar;C:\Users\DELL VOS\.m2\repository\org\openjfx\javafx-controls\20.0.1\javafx-controls-20.0.1-win.jar;C:\Users\DELL VOS\.m2\repository\org\openjfx\javafx-base\20.0.1\javafx-base-20.0.1-win.jar;C:\Users\DELL VOS\Downloads\javax.mail-1.6.2.jar\javax.mail-1.6.2.jar;C:\Users\DELL VOS\OneDrive\Bureau\Project-java-Gi2\Library-Management-Java-JavaFx\sample\target\classes -Djdk.module.main=com.example.sample 
java_command: com.example.sample/com.example.sample.Library
java_class_path (initial): C:\mysql-connector-j-8.2.0.jar;C:\Users\DELL VOS\.m2\repository\org\openjfx\javafx-controls\20.0.1\javafx-controls-20.0.1.jar;C:\Users\DELL VOS\.m2\repository\org\openjfx\javafx-graphics\20.0.1\javafx-graphics-20.0.1.jar;C:\Users\DELL VOS\.m2\repository\org\openjfx\javafx-base\20.0.1\javafx-base-20.0.1.jar;C:\Users\DELL VOS\.m2\repository\org\openjfx\javafx-fxml\20.0.1\javafx-fxml-20.0.1.jar;C:\Users\DELL VOS\Downloads\activation.jar\activation.jar
Launcher Type: SUN_STANDARD

[Global flags]
     intx CICompilerCount                          = 4                                         {product} {ergonomic}
     uint ConcGCThreads                            = 2                                         {product} {ergonomic}
     uint G1ConcRefinementThreads                  = 8                                         {product} {ergonomic}
   size_t G1HeapRegionSize                         = 2097152                                   {product} {ergonomic}
    uintx GCDrainStackTargetSize                   = 64                                        {product} {ergonomic}
   size_t InitialHeapSize                          = 264241152                                 {product} {ergonomic}
   size_t MarkStackSize                            = 4194304                                   {product} {ergonomic}
   size_t MaxHeapSize                              = 4225761280                                {product} {ergonomic}
   size_t MaxNewSize                               = 2535456768                                {product} {ergonomic}
   size_t MinHeapDeltaBytes                        = 2097152                                   {product} {ergonomic}
   size_t MinHeapSize                              = 8388608                                   {product} {ergonomic}
    uintx NonNMethodCodeHeapSize                   = 5839372                                {pd product} {ergonomic}
    uintx NonProfiledCodeHeapSize                  = 122909434                              {pd product} {ergonomic}
    uintx ProfiledCodeHeapSize                     = 122909434                              {pd product} {ergonomic}
    uintx ReservedCodeCacheSize                    = 251658240                              {pd product} {ergonomic}
     bool SegmentedCodeCache                       = true                                      {product} {ergonomic}
   size_t SoftMaxHeapSize                          = 4225761280                             {manageable} {ergonomic}
     bool UseCompressedClassPointers               = true                           {product lp64_product} {ergonomic}
     bool UseCompressedOops                        = true                           {product lp64_product} {ergonomic}
     bool UseG1GC                                  = true                                      {product} {ergonomic}
     bool UseLargePagesIndividualAllocation        = false                                  {pd product} {ergonomic}

Logging:
Log output configuration:
 #0: stdout all=off uptime,level,tags foldmultilines=false
 #1: stderr all=off uptime,level,tags foldmultilines=false

Environment Variables:
PATH=D:\app\Admin\WINDOWS.X64_213000_db_home\bin;C:\Program Files\Python312\Scripts\;C:\Program Files\Python312\;C:\Program Files\Common Files\Oracle\Java\javapath;C:\WINDOWS\system32;C:\WINDOWS;C:\WINDOWS\System32\Wbem;C:\WINDOWS\System32\WindowsPowerShell\v1.0\;C:\WINDOWS\System32\OpenSSH\;C:\Program Files\nodejs\;C:\Program Files\Git\cmd;C:\xampp\php;C:\ProgramData\ComposerSetup\bin;C:\Users\DELL VOS\.console-ninja\.bin;C:\Users\DELL VOS\AppData\Local\Microsoft\WindowsApps;C:\Users\DELL VOS\AppData\Local\Programs\Microsoft VS Code\bin;C:\Users\DELL VOS\AppData\Roaming\npm;C:\Users\DELL VOS\AppData\Local\Microsoft\WindowsApps;C:\Users\DELL VOS\AppData\Roaming\Composer\vendor\bin;C:\Program Files\JetBrains\PhpStorm 2023.2\bin;;C:\Program Files\JetBrains\IntelliJ IDEA 2023.2.2\bin;;C:\Program Files\Java\jdk-20\bin;;C:\Program Files\JetBrains\PyCharm 2023.2.3\bin;
USERNAME=ALI LINABOUI
OS=Windows_NT
PROCESSOR_IDENTIFIER=Intel64 Family 6 Model 140 Stepping 1, GenuineIntel
TMP=C:\Users\DELLVO~1\AppData\Local\Temp
TEMP=C:\Users\DELLVO~1\AppData\Local\Temp




---------------  S Y S T E M  ---------------

OS:
 Windows 11 , 64 bit Build 22621 (10.0.22621.2506)
OS uptime: 3 days 6:17 hours
Hyper-V role detected

CPU: total 8 (initial active 8) (4 cores per cpu, 2 threads per core) family 6 model 140 stepping 1 microcode 0xb4, cx8, cmov, fxsr, ht, mmx, 3dnowpref, sse, sse2, sse3, ssse3, sse4.1, sse4.2, popcnt, lzcnt, tsc, tscinvbit, avx, avx2, aes, erms, clmul, bmi1, bmi2, adx, avx512f, avx512dq, avx512cd, avx512bw, avx512vl, sha, fma, vzeroupper, avx512_vpopcntdq, avx512_vpclmulqdq, avx512_vaes, avx512_vnni, clflush, clflushopt, clwb, avx512_vbmi2, avx512_vbmi, hv, rdtscp, rdpid, fsrm, gfni, avx512_bitalg, f16c, cet_ibt, cet_ss, avx512_ifma

Memory: 4k page, system-wide physical 16118M (3566M free)
TotalPageFile size 18550M (AvailPageFile size 2475M)
current process WorkingSet (physical memory assigned to process): 231M, peak: 297M
current process commit charge ("private bytes"): 325M, peak: 436M

vm_info: Java HotSpot(TM) 64-Bit Server VM (20.0.2+9-78) for windows-amd64 JRE (20.0.2+9-78), built on 2023-06-14T10:08:48Z by "mach5one" with MS VC++ 17.1 (VS2022)

END.
